Determining if the pthread_create exist failed with the following output:
Change Dir: /home/ubuntu/ethminer_fpga/build/CMakeFiles/CMakeTmp

Run Build Command:"/usr/bin/make" "cmTC_ff5a6/fast"
/usr/bin/make -f CMakeFiles/cmTC_ff5a6.dir/build.make CMakeFiles/cmTC_ff5a6.dir/build
make[1]: Entering directory '/home/ubuntu/ethminer_fpga/build/CMakeFiles/CMakeTmp'
Building C object CMakeFiles/cmTC_ff5a6.dir/CheckSymbolExists.c.o
/usr/bin/cc     -o CMakeFiles/cmTC_ff5a6.dir/CheckSymbolExists.c.o   -c /home/ubuntu/ethminer_fpga/build/CMakeFiles/CMakeTmp/CheckSymbolExists.c
Linking C executable cmTC_ff5a6
/usr/local/bin/cmake -E cmake_link_script CMakeFiles/cmTC_ff5a6.dir/link.txt --verbose=1
/usr/bin/cc       CMakeFiles/cmTC_ff5a6.dir/CheckSymbolExists.c.o  -o cmTC_ff5a6 
/usr/bin/ld: CMakeFiles/cmTC_ff5a6.dir/CheckSymbolExists.c.o: in function `main':
CheckSymbolExists.c:(.text+0x1f): undefined reference to `pthread_create'
collect2: error: ld returned 1 exit status
make[1]: *** [CMakeFiles/cmTC_ff5a6.dir/build.make:98: cmTC_ff5a6] Error 1
make[1]: Leaving directory '/home/ubuntu/ethminer_fpga/build/CMakeFiles/CMakeTmp'
make: *** [Makefile:126: cmTC_ff5a6/fast] Error 2

File /home/ubuntu/ethminer_fpga/build/CMakeFiles/CMakeTmp/CheckSymbolExists.c:
/* */
#include <pthread.h>

int main(int argc, char** argv)
{
  (void)argv;
#ifndef pthread_create
  return ((int*)(&pthread_create))[argc];
#else
  (void)argc;
  return 0;
#endif
}

Determining if the function pthread_create exists in the pthreads failed with the following output:
Change Dir: /home/ubuntu/ethminer_fpga/build/CMakeFiles/CMakeTmp

Run Build Command:"/usr/bin/make" "cmTC_f824e/fast"
/usr/bin/make -f CMakeFiles/cmTC_f824e.dir/build.make CMakeFiles/cmTC_f824e.dir/build
make[1]: Entering directory '/home/ubuntu/ethminer_fpga/build/CMakeFiles/CMakeTmp'
Building C object CMakeFiles/cmTC_f824e.dir/CheckFunctionExists.c.o
/usr/bin/cc    -DCHECK_FUNCTION_EXISTS=pthread_create   -o CMakeFiles/cmTC_f824e.dir/CheckFunctionExists.c.o   -c /usr/local/share/cmake-3.5/Modules/CheckFunctionExists.c
Linking C executable cmTC_f824e
/usr/local/bin/cmake -E cmake_link_script CMakeFiles/cmTC_f824e.dir/link.txt --verbose=1
/usr/bin/cc   -DCHECK_FUNCTION_EXISTS=pthread_create    CMakeFiles/cmTC_f824e.dir/CheckFunctionExists.c.o  -o cmTC_f824e -lpthreads 
/usr/bin/ld: cannot find -lpthreads
collect2: error: ld returned 1 exit status
make[1]: *** [CMakeFiles/cmTC_f824e.dir/build.make:98: cmTC_f824e] Error 1
make[1]: Leaving directory '/home/ubuntu/ethminer_fpga/build/CMakeFiles/CMakeTmp'
make: *** [Makefile:126: cmTC_f824e/fast] Error 2


